<?xml version="1.0" encoding="UTF-8"?>
<!-- Generated by org.testng.reporters.JUnitReportReporter -->
<testsuite skipped="0" hostname="IN-HK28TT2" name="com.testcases.WomenCheckoutOrderTest" tests="1" failures="0" timestamp="19 Dec 2019 19:18:05 GMT" time="40.544" errors="0">
  <testcase name="SignUpaNewUser" time="40.544" classname="com.testcases.WomenCheckoutOrderTest"/>
</testsuite> <!-- com.testcases.WomenCheckoutOrderTest -->
