<?xml version="1.0" encoding="UTF-8"?>
<!-- Generated by org.testng.reporters.JUnitReportReporter -->
<testsuite hostname="Gundeeps-MBP-e654" failures="0" tests="1" name="com.testcases.WomenCheckoutOrderTest" time="32.752" errors="0" timestamp="20 Dec. 2019 21:40:11 GMT" skipped="0">
  <testcase classname="com.testcases.WomenCheckoutOrderTest" name="orderAProduct" time="32.752"/>
</testsuite> <!-- com.testcases.WomenCheckoutOrderTest -->
