<?xml version="1.0" encoding="UTF-8"?>
<!-- Generated by org.testng.reporters.JUnitReportReporter -->
<testsuite hostname="Gundeeps-MacBook-Pro.local" failures="0" tests="1" name="com.testcases.SignUpTest" time="4.844" errors="0" timestamp="19 Dec. 2019 18:01:04 GMT" skipped="0">
  <testcase classname="com.testcases.SignUpTest" name="SignUpaNewUser" time="4.844"/>
</testsuite> <!-- com.testcases.SignUpTest -->
