<?xml version="1.0" encoding="UTF-8"?>
<!-- Generated by org.testng.reporters.JUnitReportReporter -->
<testsuite skipped="0" hostname="IN-HK28TT2" name="com.testcases.LoginTest" tests="1" failures="0" timestamp="17 Dec 2019 08:49:11 GMT" time="12.059" errors="0">
  <testcase name="SignUpaNewUser" time="12.059" classname="com.testcases.LoginTest"/>
</testsuite> <!-- com.testcases.LoginTest -->
