<?xml version="1.0" encoding="UTF-8"?>
<!-- Generated by org.testng.reporters.JUnitReportReporter -->
<testsuite hostname="Gundeeps-MacBook-Pro.local" failures="0" tests="1" name="com.testcases.LoginTest" time="2.104" errors="0" timestamp="19 Dec. 2019 20:10:15 GMT" skipped="0">
  <testcase classname="com.testcases.LoginTest" name="LoginExistingUser" time="2.104"/>
</testsuite> <!-- com.testcases.LoginTest -->
